# Logfile created on 2016-07-24 19:38:48 +0300 by logger.rb/44203
I, [2016-07-24T19:38:48.064875 #6528]  INFO -- : 0:  rake (10.4.2) from /Users/kofee/.rvm/gems/ruby-2.1.0/specifications/rake-10.4.2.gemspec
I, [2016-07-24T19:38:48.065337 #6528]  INFO -- : 0:  i18n (0.7.0) from /Users/kofee/.rvm/gems/ruby-2.1.0/specifications/i18n-0.7.0.gemspec
I, [2016-07-24T19:38:48.065947 #6528]  INFO -- : 0:  json (1.8.3) from /Users/kofee/.rvm/gems/ruby-2.1.0/specifications/json-1.8.3.gemspec
I, [2016-07-24T19:38:48.066460 #6528]  INFO -- : 0:  minitest (5.8.3) from /Users/kofee/.rvm/gems/ruby-2.1.0/specifications/minitest-5.8.3.gemspec
I, [2016-07-24T19:38:48.067052 #6528]  INFO -- : 0:  thread_safe (0.3.5) from /Users/kofee/.rvm/gems/ruby-2.1.0/specifications/thread_safe-0.3.5.gemspec
I, [2016-07-24T19:38:48.067627 #6528]  INFO -- : 0:  tzinfo (1.2.2) from /Users/kofee/.rvm/gems/ruby-2.1.0/specifications/tzinfo-1.2.2.gemspec
I, [2016-07-24T19:38:48.068241 #6528]  INFO -- : 0:  activesupport (4.2.4) from /Users/kofee/.rvm/gems/ruby-2.1.0/specifications/activesupport-4.2.4.gemspec
I, [2016-07-24T19:38:48.068775 #6528]  INFO -- : 0:  builder (3.2.2) from /Users/kofee/.rvm/gems/ruby-2.1.0/specifications/builder-3.2.2.gemspec
I, [2016-07-24T19:38:48.069388 #6528]  INFO -- : 0:  erubis (2.7.0) from /Users/kofee/.rvm/gems/ruby-2.1.0/specifications/erubis-2.7.0.gemspec
I, [2016-07-24T19:38:48.070606 #6528]  INFO -- : 0:  mini_portile (0.6.2) from /Users/kofee/.rvm/gems/ruby-2.1.0/specifications/mini_portile-0.6.2.gemspec
I, [2016-07-24T19:38:48.071289 #6528]  INFO -- : 0:  nokogiri (1.6.6.3) from /Users/kofee/.rvm/gems/ruby-2.1.0/specifications/nokogiri-1.6.6.3.gemspec
I, [2016-07-24T19:38:48.071658 #6528]  INFO -- : 0:  rails-deprecated_sanitizer (1.0.3) from /Users/kofee/.rvm/gems/ruby-2.1.0/specifications/rails-deprecated_sanitizer-1.0.3.gemspec
I, [2016-07-24T19:38:48.071995 #6528]  INFO -- : 0:  rails-dom-testing (1.0.7) from /Users/kofee/.rvm/gems/ruby-2.1.0/specifications/rails-dom-testing-1.0.7.gemspec
I, [2016-07-24T19:38:48.072331 #6528]  INFO -- : 0:  loofah (2.0.3) from /Users/kofee/.rvm/gems/ruby-2.1.0/specifications/loofah-2.0.3.gemspec
I, [2016-07-24T19:38:48.072675 #6528]  INFO -- : 0:  rails-html-sanitizer (1.0.2) from /Users/kofee/.rvm/gems/ruby-2.1.0/specifications/rails-html-sanitizer-1.0.2.gemspec
I, [2016-07-24T19:38:48.073017 #6528]  INFO -- : 0:  actionview (4.2.4) from /Users/kofee/.rvm/gems/ruby-2.1.0/specifications/actionview-4.2.4.gemspec
I, [2016-07-24T19:38:48.073418 #6528]  INFO -- : 0:  rack (1.6.4) from /Users/kofee/.rvm/gems/ruby-2.1.0/specifications/rack-1.6.4.gemspec
I, [2016-07-24T19:38:48.074083 #6528]  INFO -- : 0:  rack-test (0.6.3) from /Users/kofee/.rvm/gems/ruby-2.1.0/specifications/rack-test-0.6.3.gemspec
I, [2016-07-24T19:38:48.074675 #6528]  INFO -- : 0:  actionpack (4.2.4) from /Users/kofee/.rvm/gems/ruby-2.1.0/specifications/actionpack-4.2.4.gemspec
I, [2016-07-24T19:38:48.075171 #6528]  INFO -- : 0:  globalid (0.3.6) from /Users/kofee/.rvm/gems/ruby-2.1.0/specifications/globalid-0.3.6.gemspec
I, [2016-07-24T19:38:48.075563 #6528]  INFO -- : 0:  activejob (4.2.4) from /Users/kofee/.rvm/gems/ruby-2.1.0/specifications/activejob-4.2.4.gemspec
I, [2016-07-24T19:38:48.075994 #6528]  INFO -- : 0:  mime-types (2.6.2) from /Users/kofee/.rvm/gems/ruby-2.1.0/specifications/mime-types-2.6.2.gemspec
I, [2016-07-24T19:38:48.076405 #6528]  INFO -- : 0:  mail (2.6.3) from /Users/kofee/.rvm/gems/ruby-2.1.0/specifications/mail-2.6.3.gemspec
I, [2016-07-24T19:38:48.076854 #6528]  INFO -- : 0:  actionmailer (4.2.4) from /Users/kofee/.rvm/gems/ruby-2.1.0/specifications/actionmailer-4.2.4.gemspec
I, [2016-07-24T19:38:48.077305 #6528]  INFO -- : 0:  activemodel (4.2.4) from /Users/kofee/.rvm/gems/ruby-2.1.0/specifications/activemodel-4.2.4.gemspec
I, [2016-07-24T19:38:48.077678 #6528]  INFO -- : 0:  arel (6.0.3) from /Users/kofee/.rvm/gems/ruby-2.1.0/specifications/arel-6.0.3.gemspec
I, [2016-07-24T19:38:48.078036 #6528]  INFO -- : 0:  activerecord (4.2.4) from /Users/kofee/.rvm/gems/ruby-2.1.0/specifications/activerecord-4.2.4.gemspec
I, [2016-07-24T19:38:48.078422 #6528]  INFO -- : 0:  descendants_tracker (0.0.4) from /Users/kofee/.rvm/gems/ruby-2.1.0/specifications/descendants_tracker-0.0.4.gemspec
I, [2016-07-24T19:38:48.078924 #6528]  INFO -- : 0:  ice_nine (0.11.1) from /Users/kofee/.rvm/gems/ruby-2.1.0/specifications/ice_nine-0.11.1.gemspec
I, [2016-07-24T19:38:48.079359 #6528]  INFO -- : 0:  axiom-types (0.1.1) from /Users/kofee/.rvm/gems/ruby-2.1.0/specifications/axiom-types-0.1.1.gemspec
I, [2016-07-24T19:38:48.079705 #6528]  INFO -- : 0:  bundler (1.5.1) from /Users/kofee/.rvm/gems/ruby-2.1.0@global/specifications/bundler-1.5.1.gemspec
I, [2016-07-24T19:38:48.080167 #6528]  INFO -- : 0:  coercible (1.0.0) from /Users/kofee/.rvm/gems/ruby-2.1.0/specifications/coercible-1.0.0.gemspec
I, [2016-07-24T19:38:48.080722 #6528]  INFO -- : 0:  diff-lcs (1.2.5) from /Users/kofee/.rvm/gems/ruby-2.1.0/specifications/diff-lcs-1.2.5.gemspec
I, [2016-07-24T19:38:48.081081 #6528]  INFO -- : 0:  equalizer (0.0.11) from /Users/kofee/.rvm/gems/ruby-2.1.0/specifications/equalizer-0.0.11.gemspec
I, [2016-07-24T19:38:48.081752 #6528]  INFO -- : 0:  hike (1.2.3) from /Users/kofee/.rvm/gems/ruby-2.1.0/specifications/hike-1.2.3.gemspec
I, [2016-07-24T19:38:48.082176 #6528]  INFO -- : 0:  multi_json (1.11.2) from /Users/kofee/.rvm/gems/ruby-2.1.0/specifications/multi_json-1.11.2.gemspec
I, [2016-07-24T19:38:48.082489 #6528]  INFO -- : 0:  thor (0.19.1) from /Users/kofee/.rvm/gems/ruby-2.1.0/specifications/thor-0.19.1.gemspec
I, [2016-07-24T19:38:48.082828 #6528]  INFO -- : 0:  railties (4.2.4) from /Users/kofee/.rvm/gems/ruby-2.1.0/specifications/railties-4.2.4.gemspec
I, [2016-07-24T19:38:48.083154 #6528]  INFO -- : 0:  tilt (1.4.1) from /Users/kofee/.rvm/gems/ruby-2.1.0/specifications/tilt-1.4.1.gemspec
I, [2016-07-24T19:38:48.083488 #6528]  INFO -- : 0:  sprockets (2.12.4) from /Users/kofee/.rvm/gems/ruby-2.1.0/specifications/sprockets-2.12.4.gemspec
I, [2016-07-24T19:38:48.083876 #6528]  INFO -- : 0:  sprockets-rails (2.3.3) from /Users/kofee/.rvm/gems/ruby-2.1.0/specifications/sprockets-rails-2.3.3.gemspec
I, [2016-07-24T19:38:48.084204 #6528]  INFO -- : 0:  rails (4.2.4) from /Users/kofee/.rvm/gems/ruby-2.1.0/specifications/rails-4.2.4.gemspec
I, [2016-07-24T19:38:48.084540 #6528]  INFO -- : 0:  redis (3.2.2) from /Users/kofee/.rvm/gems/ruby-2.1.0/specifications/redis-3.2.2.gemspec
I, [2016-07-24T19:38:49.673654 #6528]  INFO -- : 0:  rspec-support (3.5.0) from /Users/kofee/.rvm/gems/ruby-2.1.0/specifications/rspec-support-3.5.0.gemspec
I, [2016-07-24T19:38:51.064193 #6528]  INFO -- : 0:  rspec-core (3.5.1) from /Users/kofee/.rvm/gems/ruby-2.1.0/specifications/rspec-core-3.5.1.gemspec
I, [2016-07-24T19:38:52.295491 #6528]  INFO -- : 0:  rspec-expectations (3.5.0) from /Users/kofee/.rvm/gems/ruby-2.1.0/specifications/rspec-expectations-3.5.0.gemspec
I, [2016-07-24T19:38:53.613803 #6528]  INFO -- : 0:  rspec-mocks (3.5.0) from /Users/kofee/.rvm/gems/ruby-2.1.0/specifications/rspec-mocks-3.5.0.gemspec
I, [2016-07-24T19:38:54.754787 #6528]  INFO -- : 0:  rspec (3.5.0) from /Users/kofee/.rvm/gems/ruby-2.1.0/specifications/rspec-3.5.0.gemspec
I, [2016-07-24T19:38:54.755402 #6528]  INFO -- : 0:  useragent (0.16.2) from /Users/kofee/.rvm/gems/ruby-2.1.0/specifications/useragent-0.16.2.gemspec
I, [2016-07-24T19:38:54.755832 #6528]  INFO -- : 0:  virtus (1.0.5) from /Users/kofee/.rvm/gems/ruby-2.1.0/specifications/virtus-1.0.5.gemspec
I, [2016-07-24T19:38:54.942830 #6528]  INFO -- : 0:  snapstats (0.1.0) from /Users/kofee/Sites/snapstats/gem/snapstats.gemspec
I, [2016-07-24T19:52:04.540820 #7785]  INFO -- : 0:  rake (10.4.2) from /Users/kofee/.rvm/gems/ruby-2.1.0/specifications/rake-10.4.2.gemspec
I, [2016-07-24T19:52:04.541836 #7785]  INFO -- : 0:  i18n (0.7.0) from /Users/kofee/.rvm/gems/ruby-2.1.0/specifications/i18n-0.7.0.gemspec
I, [2016-07-24T19:52:04.542326 #7785]  INFO -- : 0:  json (1.8.3) from /Users/kofee/.rvm/gems/ruby-2.1.0/specifications/json-1.8.3.gemspec
I, [2016-07-24T19:52:04.542736 #7785]  INFO -- : 0:  minitest (5.8.3) from /Users/kofee/.rvm/gems/ruby-2.1.0/specifications/minitest-5.8.3.gemspec
I, [2016-07-24T19:52:04.543162 #7785]  INFO -- : 0:  thread_safe (0.3.5) from /Users/kofee/.rvm/gems/ruby-2.1.0/specifications/thread_safe-0.3.5.gemspec
I, [2016-07-24T19:52:04.543526 #7785]  INFO -- : 0:  tzinfo (1.2.2) from /Users/kofee/.rvm/gems/ruby-2.1.0/specifications/tzinfo-1.2.2.gemspec
I, [2016-07-24T19:52:04.543899 #7785]  INFO -- : 0:  activesupport (4.2.4) from /Users/kofee/.rvm/gems/ruby-2.1.0/specifications/activesupport-4.2.4.gemspec
I, [2016-07-24T19:52:04.544294 #7785]  INFO -- : 0:  builder (3.2.2) from /Users/kofee/.rvm/gems/ruby-2.1.0/specifications/builder-3.2.2.gemspec
I, [2016-07-24T19:52:04.544654 #7785]  INFO -- : 0:  erubis (2.7.0) from /Users/kofee/.rvm/gems/ruby-2.1.0/specifications/erubis-2.7.0.gemspec
I, [2016-07-24T19:52:04.545043 #7785]  INFO -- : 0:  mini_portile (0.6.2) from /Users/kofee/.rvm/gems/ruby-2.1.0/specifications/mini_portile-0.6.2.gemspec
I, [2016-07-24T19:52:04.545435 #7785]  INFO -- : 0:  nokogiri (1.6.6.3) from /Users/kofee/.rvm/gems/ruby-2.1.0/specifications/nokogiri-1.6.6.3.gemspec
I, [2016-07-24T19:52:04.545813 #7785]  INFO -- : 0:  rails-deprecated_sanitizer (1.0.3) from /Users/kofee/.rvm/gems/ruby-2.1.0/specifications/rails-deprecated_sanitizer-1.0.3.gemspec
I, [2016-07-24T19:52:04.546198 #7785]  INFO -- : 0:  rails-dom-testing (1.0.7) from /Users/kofee/.rvm/gems/ruby-2.1.0/specifications/rails-dom-testing-1.0.7.gemspec
I, [2016-07-24T19:52:04.546607 #7785]  INFO -- : 0:  loofah (2.0.3) from /Users/kofee/.rvm/gems/ruby-2.1.0/specifications/loofah-2.0.3.gemspec
I, [2016-07-24T19:52:04.546941 #7785]  INFO -- : 0:  rails-html-sanitizer (1.0.2) from /Users/kofee/.rvm/gems/ruby-2.1.0/specifications/rails-html-sanitizer-1.0.2.gemspec
I, [2016-07-24T19:52:04.547311 #7785]  INFO -- : 0:  actionview (4.2.4) from /Users/kofee/.rvm/gems/ruby-2.1.0/specifications/actionview-4.2.4.gemspec
I, [2016-07-24T19:52:04.547814 #7785]  INFO -- : 0:  rack (1.6.4) from /Users/kofee/.rvm/gems/ruby-2.1.0/specifications/rack-1.6.4.gemspec
I, [2016-07-24T19:52:04.548188 #7785]  INFO -- : 0:  rack-test (0.6.3) from /Users/kofee/.rvm/gems/ruby-2.1.0/specifications/rack-test-0.6.3.gemspec
I, [2016-07-24T19:52:04.548549 #7785]  INFO -- : 0:  actionpack (4.2.4) from /Users/kofee/.rvm/gems/ruby-2.1.0/specifications/actionpack-4.2.4.gemspec
I, [2016-07-24T19:52:04.548866 #7785]  INFO -- : 0:  globalid (0.3.6) from /Users/kofee/.rvm/gems/ruby-2.1.0/specifications/globalid-0.3.6.gemspec
I, [2016-07-24T19:52:04.549146 #7785]  INFO -- : 0:  activejob (4.2.4) from /Users/kofee/.rvm/gems/ruby-2.1.0/specifications/activejob-4.2.4.gemspec
I, [2016-07-24T19:52:04.549432 #7785]  INFO -- : 0:  mime-types (2.6.2) from /Users/kofee/.rvm/gems/ruby-2.1.0/specifications/mime-types-2.6.2.gemspec
I, [2016-07-24T19:52:04.549716 #7785]  INFO -- : 0:  mail (2.6.3) from /Users/kofee/.rvm/gems/ruby-2.1.0/specifications/mail-2.6.3.gemspec
I, [2016-07-24T19:52:04.549994 #7785]  INFO -- : 0:  actionmailer (4.2.4) from /Users/kofee/.rvm/gems/ruby-2.1.0/specifications/actionmailer-4.2.4.gemspec
I, [2016-07-24T19:52:04.550292 #7785]  INFO -- : 0:  activemodel (4.2.4) from /Users/kofee/.rvm/gems/ruby-2.1.0/specifications/activemodel-4.2.4.gemspec
I, [2016-07-24T19:52:04.550562 #7785]  INFO -- : 0:  arel (6.0.3) from /Users/kofee/.rvm/gems/ruby-2.1.0/specifications/arel-6.0.3.gemspec
I, [2016-07-24T19:52:04.550842 #7785]  INFO -- : 0:  activerecord (4.2.4) from /Users/kofee/.rvm/gems/ruby-2.1.0/specifications/activerecord-4.2.4.gemspec
I, [2016-07-24T19:52:04.551132 #7785]  INFO -- : 0:  descendants_tracker (0.0.4) from /Users/kofee/.rvm/gems/ruby-2.1.0/specifications/descendants_tracker-0.0.4.gemspec
I, [2016-07-24T19:52:04.551418 #7785]  INFO -- : 0:  ice_nine (0.11.1) from /Users/kofee/.rvm/gems/ruby-2.1.0/specifications/ice_nine-0.11.1.gemspec
I, [2016-07-24T19:52:04.551699 #7785]  INFO -- : 0:  axiom-types (0.1.1) from /Users/kofee/.rvm/gems/ruby-2.1.0/specifications/axiom-types-0.1.1.gemspec
I, [2016-07-24T19:52:04.551961 #7785]  INFO -- : 0:  bundler (1.5.1) from /Users/kofee/.rvm/gems/ruby-2.1.0@global/specifications/bundler-1.5.1.gemspec
I, [2016-07-24T19:52:04.552760 #7785]  INFO -- : 0:  coercible (1.0.0) from /Users/kofee/.rvm/gems/ruby-2.1.0/specifications/coercible-1.0.0.gemspec
I, [2016-07-24T19:52:04.553224 #7785]  INFO -- : 0:  diff-lcs (1.2.5) from /Users/kofee/.rvm/gems/ruby-2.1.0/specifications/diff-lcs-1.2.5.gemspec
I, [2016-07-24T19:52:04.553587 #7785]  INFO -- : 0:  equalizer (0.0.11) from /Users/kofee/.rvm/gems/ruby-2.1.0/specifications/equalizer-0.0.11.gemspec
I, [2016-07-24T19:52:04.553922 #7785]  INFO -- : 0:  hike (1.2.3) from /Users/kofee/.rvm/gems/ruby-2.1.0/specifications/hike-1.2.3.gemspec
I, [2016-07-24T19:52:04.554269 #7785]  INFO -- : 0:  multi_json (1.11.2) from /Users/kofee/.rvm/gems/ruby-2.1.0/specifications/multi_json-1.11.2.gemspec
I, [2016-07-24T19:52:04.556292 #7785]  INFO -- : 0:  thor (0.19.1) from /Users/kofee/.rvm/gems/ruby-2.1.0/specifications/thor-0.19.1.gemspec
I, [2016-07-24T19:52:04.556706 #7785]  INFO -- : 0:  railties (4.2.4) from /Users/kofee/.rvm/gems/ruby-2.1.0/specifications/railties-4.2.4.gemspec
I, [2016-07-24T19:52:04.557113 #7785]  INFO -- : 0:  tilt (1.4.1) from /Users/kofee/.rvm/gems/ruby-2.1.0/specifications/tilt-1.4.1.gemspec
I, [2016-07-24T19:52:04.557493 #7785]  INFO -- : 0:  sprockets (2.12.4) from /Users/kofee/.rvm/gems/ruby-2.1.0/specifications/sprockets-2.12.4.gemspec
I, [2016-07-24T19:52:04.557875 #7785]  INFO -- : 0:  sprockets-rails (2.3.3) from /Users/kofee/.rvm/gems/ruby-2.1.0/specifications/sprockets-rails-2.3.3.gemspec
I, [2016-07-24T19:52:04.558248 #7785]  INFO -- : 0:  rails (4.2.4) from /Users/kofee/.rvm/gems/ruby-2.1.0/specifications/rails-4.2.4.gemspec
I, [2016-07-24T19:52:04.558593 #7785]  INFO -- : 0:  redis (3.2.2) from /Users/kofee/.rvm/gems/ruby-2.1.0/specifications/redis-3.2.2.gemspec
I, [2016-07-24T19:52:04.558909 #7785]  INFO -- : 0:  rspec-support (3.5.0) from /Users/kofee/.rvm/gems/ruby-2.1.0/specifications/rspec-support-3.5.0.gemspec
I, [2016-07-24T19:52:04.559233 #7785]  INFO -- : 0:  rspec-core (3.5.1) from /Users/kofee/.rvm/gems/ruby-2.1.0/specifications/rspec-core-3.5.1.gemspec
I, [2016-07-24T19:52:04.559572 #7785]  INFO -- : 0:  rspec-expectations (3.5.0) from /Users/kofee/.rvm/gems/ruby-2.1.0/specifications/rspec-expectations-3.5.0.gemspec
I, [2016-07-24T19:52:04.559903 #7785]  INFO -- : 0:  rspec-mocks (3.5.0) from /Users/kofee/.rvm/gems/ruby-2.1.0/specifications/rspec-mocks-3.5.0.gemspec
I, [2016-07-24T19:52:04.560198 #7785]  INFO -- : 0:  rspec (3.5.0) from /Users/kofee/.rvm/gems/ruby-2.1.0/specifications/rspec-3.5.0.gemspec
I, [2016-07-24T19:52:04.560517 #7785]  INFO -- : 0:  useragent (0.16.2) from /Users/kofee/.rvm/gems/ruby-2.1.0/specifications/useragent-0.16.2.gemspec
I, [2016-07-24T19:52:04.560851 #7785]  INFO -- : 0:  virtus (1.0.5) from /Users/kofee/.rvm/gems/ruby-2.1.0/specifications/virtus-1.0.5.gemspec
I, [2016-07-24T19:52:04.722408 #7785]  INFO -- : 0:  snapstats (0.1.0) from /Users/kofee/Sites/snapstats/gem/snapstats.gemspec
